{"/Users/adriancalerobarrero/Desktop/Proyectos ISDI/Proyecto final/Adrian_Calero_Back-Final-Project-202205-MAD/dist/controllers/profesional.controller.js": {"path":"/Users/adriancalerobarrero/Desktop/Proyectos ISDI/Proyecto final/Adrian_Calero_Back-Final-Project-202205-MAD/dist/controllers/profesional.controller.js","statementMap":{"0":{"start":{"line":4,"column":8},"end":{"line":4,"column":27}},"1":{"start":{"line":6,"column":23},"end":{"line":12,"column":5}},"2":{"start":{"line":7,"column":23},"end":{"line":7,"column":46}},"3":{"start":{"line":8,"column":8},"end":{"line":8,"column":44}},"4":{"start":{"line":9,"column":8},"end":{"line":9,"column":12}},"5":{"start":{"line":10,"column":8},"end":{"line":10,"column":59}},"6":{"start":{"line":11,"column":8},"end":{"line":11,"column":26}},"7":{"start":{"line":13,"column":20},"end":{"line":23,"column":5}},"8":{"start":{"line":14,"column":23},"end":{"line":14,"column":63}},"9":{"start":{"line":15,"column":8},"end":{"line":15,"column":59}},"10":{"start":{"line":16,"column":8},"end":{"line":22,"column":9}},"11":{"start":{"line":17,"column":12},"end":{"line":17,"column":46}},"12":{"start":{"line":20,"column":12},"end":{"line":20,"column":29}},"13":{"start":{"line":21,"column":12},"end":{"line":21,"column":42}},"14":{"start":{"line":24,"column":21},"end":{"line":39,"column":5}},"15":{"start":{"line":26,"column":8},"end":{"line":35,"column":9}},"16":{"start":{"line":27,"column":12},"end":{"line":27,"column":56}},"17":{"start":{"line":28,"column":12},"end":{"line":30,"column":13}},"18":{"start":{"line":29,"column":16},"end":{"line":29,"column":45}},"19":{"start":{"line":33,"column":12},"end":{"line":33,"column":24}},"20":{"start":{"line":34,"column":12},"end":{"line":34,"column":19}},"21":{"start":{"line":36,"column":8},"end":{"line":36,"column":59}},"22":{"start":{"line":37,"column":8},"end":{"line":37,"column":25}},"23":{"start":{"line":38,"column":8},"end":{"line":38,"column":43}}},"fnMap":{"0":{"name":"(anonymous_0)","decl":{"start":{"line":3,"column":4},"end":{"line":3,"column":5}},"loc":{"start":{"line":3,"column":23},"end":{"line":5,"column":5}},"line":3},"1":{"name":"(anonymous_1)","decl":{"start":{"line":6,"column":23},"end":{"line":6,"column":24}},"loc":{"start":{"line":6,"column":44},"end":{"line":12,"column":5}},"line":6},"2":{"name":"(anonymous_2)","decl":{"start":{"line":13,"column":20},"end":{"line":13,"column":21}},"loc":{"start":{"line":13,"column":41},"end":{"line":23,"column":5}},"line":13},"3":{"name":"(anonymous_3)","decl":{"start":{"line":24,"column":21},"end":{"line":24,"column":22}},"loc":{"start":{"line":24,"column":48},"end":{"line":39,"column":5}},"line":24}},"branchMap":{"0":{"loc":{"start":{"line":16,"column":8},"end":{"line":22,"column":9}},"type":"if","locations":[{"start":{"line":16,"column":8},"end":{"line":22,"column":9}},{"start":{"line":19,"column":13},"end":{"line":22,"column":9}}],"line":16},"1":{"loc":{"start":{"line":28,"column":12},"end":{"line":30,"column":13}},"type":"if","locations":[{"start":{"line":28,"column":12},"end":{"line":30,"column":13}},{"start":{},"end":{}}],"line":28}},"s":{"0":5,"1":5,"2":1,"3":1,"4":1,"5":1,"6":1,"7":5,"8":2,"9":2,"10":2,"11":1,"12":1,"13":1,"14":5,"15":2,"16":2,"17":2,"18":1,"19":1,"20":1,"21":1,"22":1,"23":1},"f":{"0":5,"1":1,"2":2,"3":2},"b":{"0":[1,1],"1":[1,1]},"_coverageSchema":"1a1c01bbd47fc00a2c39e90264f33305004495a9","hash":"67576b918b0345755d7285996ba8da1994db3380"}
,"/Users/adriancalerobarrero/Desktop/Proyectos ISDI/Proyecto final/Adrian_Calero_Back-Final-Project-202205-MAD/dist/controllers/review.controller.js": {"path":"/Users/adriancalerobarrero/Desktop/Proyectos ISDI/Proyecto final/Adrian_Calero_Back-Final-Project-202205-MAD/dist/controllers/review.controller.js","statementMap":{"0":{"start":{"line":5,"column":8},"end":{"line":5,"column":27}},"1":{"start":{"line":7,"column":36},"end":{"line":14,"column":5}},"2":{"start":{"line":8,"column":8},"end":{"line":8,"column":12}},"3":{"start":{"line":9,"column":8},"end":{"line":9,"column":59}},"4":{"start":{"line":10,"column":8},"end":{"line":13,"column":34}},"5":{"start":{"line":15,"column":21},"end":{"line":30,"column":5}},"6":{"start":{"line":17,"column":8},"end":{"line":26,"column":9}},"7":{"start":{"line":18,"column":12},"end":{"line":18,"column":56}},"8":{"start":{"line":19,"column":12},"end":{"line":21,"column":13}},"9":{"start":{"line":20,"column":16},"end":{"line":20,"column":45}},"10":{"start":{"line":24,"column":12},"end":{"line":24,"column":24}},"11":{"start":{"line":25,"column":12},"end":{"line":25,"column":19}},"12":{"start":{"line":27,"column":8},"end":{"line":27,"column":59}},"13":{"start":{"line":28,"column":8},"end":{"line":28,"column":25}},"14":{"start":{"line":29,"column":8},"end":{"line":29,"column":43}},"15":{"start":{"line":31,"column":22},"end":{"line":35,"column":5}},"16":{"start":{"line":32,"column":27},"end":{"line":32,"column":86}},"17":{"start":{"line":33,"column":8},"end":{"line":33,"column":59}},"18":{"start":{"line":34,"column":8},"end":{"line":34,"column":46}},"19":{"start":{"line":36,"column":23},"end":{"line":43,"column":5}},"20":{"start":{"line":37,"column":8},"end":{"line":40,"column":68}},"21":{"start":{"line":38,"column":12},"end":{"line":40,"column":68}},"22":{"start":{"line":41,"column":27},"end":{"line":41,"column":76}},"23":{"start":{"line":42,"column":8},"end":{"line":42,"column":46}}},"fnMap":{"0":{"name":"(anonymous_0)","decl":{"start":{"line":4,"column":4},"end":{"line":4,"column":5}},"loc":{"start":{"line":4,"column":23},"end":{"line":6,"column":5}},"line":4},"1":{"name":"(anonymous_1)","decl":{"start":{"line":7,"column":36},"end":{"line":7,"column":37}},"loc":{"start":{"line":7,"column":57},"end":{"line":14,"column":5}},"line":7},"2":{"name":"(anonymous_2)","decl":{"start":{"line":15,"column":21},"end":{"line":15,"column":22}},"loc":{"start":{"line":15,"column":48},"end":{"line":30,"column":5}},"line":15},"3":{"name":"(anonymous_3)","decl":{"start":{"line":31,"column":22},"end":{"line":31,"column":23}},"loc":{"start":{"line":31,"column":43},"end":{"line":35,"column":5}},"line":31},"4":{"name":"(anonymous_4)","decl":{"start":{"line":36,"column":23},"end":{"line":36,"column":24}},"loc":{"start":{"line":36,"column":44},"end":{"line":43,"column":5}},"line":36}},"branchMap":{"0":{"loc":{"start":{"line":19,"column":12},"end":{"line":21,"column":13}},"type":"if","locations":[{"start":{"line":19,"column":12},"end":{"line":21,"column":13}},{"start":{},"end":{}}],"line":19},"1":{"loc":{"start":{"line":37,"column":8},"end":{"line":40,"column":68}},"type":"if","locations":[{"start":{"line":37,"column":8},"end":{"line":40,"column":68}},{"start":{},"end":{}}],"line":37}},"s":{"0":6,"1":6,"2":1,"3":1,"4":1,"5":6,"6":2,"7":2,"8":2,"9":1,"10":1,"11":1,"12":1,"13":1,"14":1,"15":6,"16":1,"17":1,"18":1,"19":6,"20":2,"21":1,"22":1,"23":1},"f":{"0":6,"1":1,"2":2,"3":1,"4":2},"b":{"0":[1,1],"1":[1,1]},"_coverageSchema":"1a1c01bbd47fc00a2c39e90264f33305004495a9","hash":"78faa8fa7f21ae972ab8f274389cbe4f481af50f"}
,"/Users/adriancalerobarrero/Desktop/Proyectos ISDI/Proyecto final/Adrian_Calero_Back-Final-Project-202205-MAD/dist/controllers/user.controller.js": {"path":"/Users/adriancalerobarrero/Desktop/Proyectos ISDI/Proyecto final/Adrian_Calero_Back-Final-Project-202205-MAD/dist/controllers/user.controller.js","statementMap":{"0":{"start":{"line":7,"column":8},"end":{"line":7,"column":27}},"1":{"start":{"line":9,"column":23},"end":{"line":13,"column":5}},"2":{"start":{"line":10,"column":8},"end":{"line":10,"column":12}},"3":{"start":{"line":11,"column":8},"end":{"line":11,"column":59}},"4":{"start":{"line":12,"column":8},"end":{"line":12,"column":93}},"5":{"start":{"line":14,"column":20},"end":{"line":26,"column":5}},"6":{"start":{"line":15,"column":23},"end":{"line":17,"column":34}},"7":{"start":{"line":18,"column":8},"end":{"line":18,"column":59}},"8":{"start":{"line":19,"column":8},"end":{"line":25,"column":9}},"9":{"start":{"line":20,"column":12},"end":{"line":20,"column":46}},"10":{"start":{"line":23,"column":12},"end":{"line":23,"column":29}},"11":{"start":{"line":24,"column":12},"end":{"line":24,"column":42}},"12":{"start":{"line":27,"column":21},"end":{"line":43,"column":5}},"13":{"start":{"line":29,"column":8},"end":{"line":39,"column":9}},"14":{"start":{"line":30,"column":12},"end":{"line":30,"column":61}},"15":{"start":{"line":31,"column":12},"end":{"line":31,"column":56}},"16":{"start":{"line":32,"column":12},"end":{"line":34,"column":13}},"17":{"start":{"line":33,"column":16},"end":{"line":33,"column":45}},"18":{"start":{"line":37,"column":12},"end":{"line":37,"column":24}},"19":{"start":{"line":38,"column":12},"end":{"line":38,"column":19}},"20":{"start":{"line":40,"column":8},"end":{"line":40,"column":59}},"21":{"start":{"line":41,"column":8},"end":{"line":41,"column":25}},"22":{"start":{"line":42,"column":8},"end":{"line":42,"column":43}},"23":{"start":{"line":44,"column":22},"end":{"line":62,"column":5}},"24":{"start":{"line":45,"column":25},"end":{"line":47,"column":10}},"25":{"start":{"line":48,"column":8},"end":{"line":53,"column":9}},"26":{"start":{"line":49,"column":26},"end":{"line":49,"column":63}},"27":{"start":{"line":50,"column":12},"end":{"line":50,"column":50}},"28":{"start":{"line":51,"column":12},"end":{"line":51,"column":24}},"29":{"start":{"line":52,"column":12},"end":{"line":52,"column":19}},"30":{"start":{"line":54,"column":29},"end":{"line":57,"column":9}},"31":{"start":{"line":58,"column":22},"end":{"line":58,"column":51}},"32":{"start":{"line":59,"column":8},"end":{"line":59,"column":59}},"33":{"start":{"line":60,"column":8},"end":{"line":60,"column":25}},"34":{"start":{"line":61,"column":8},"end":{"line":61,"column":46}},"35":{"start":{"line":63,"column":22},"end":{"line":67,"column":5}},"36":{"start":{"line":64,"column":27},"end":{"line":64,"column":86}},"37":{"start":{"line":65,"column":8},"end":{"line":65,"column":59}},"38":{"start":{"line":66,"column":8},"end":{"line":66,"column":46}},"39":{"start":{"line":68,"column":23},"end":{"line":75,"column":5}},"40":{"start":{"line":69,"column":8},"end":{"line":72,"column":68}},"41":{"start":{"line":70,"column":12},"end":{"line":72,"column":68}},"42":{"start":{"line":73,"column":27},"end":{"line":73,"column":76}},"43":{"start":{"line":74,"column":8},"end":{"line":74,"column":46}}},"fnMap":{"0":{"name":"(anonymous_0)","decl":{"start":{"line":6,"column":4},"end":{"line":6,"column":5}},"loc":{"start":{"line":6,"column":23},"end":{"line":8,"column":5}},"line":6},"1":{"name":"(anonymous_1)","decl":{"start":{"line":9,"column":23},"end":{"line":9,"column":24}},"loc":{"start":{"line":9,"column":44},"end":{"line":13,"column":5}},"line":9},"2":{"name":"(anonymous_2)","decl":{"start":{"line":14,"column":20},"end":{"line":14,"column":21}},"loc":{"start":{"line":14,"column":41},"end":{"line":26,"column":5}},"line":14},"3":{"name":"(anonymous_3)","decl":{"start":{"line":27,"column":21},"end":{"line":27,"column":22}},"loc":{"start":{"line":27,"column":48},"end":{"line":43,"column":5}},"line":27},"4":{"name":"(anonymous_4)","decl":{"start":{"line":44,"column":22},"end":{"line":44,"column":23}},"loc":{"start":{"line":44,"column":49},"end":{"line":62,"column":5}},"line":44},"5":{"name":"(anonymous_5)","decl":{"start":{"line":63,"column":22},"end":{"line":63,"column":23}},"loc":{"start":{"line":63,"column":43},"end":{"line":67,"column":5}},"line":63},"6":{"name":"(anonymous_6)","decl":{"start":{"line":68,"column":23},"end":{"line":68,"column":24}},"loc":{"start":{"line":68,"column":44},"end":{"line":75,"column":5}},"line":68}},"branchMap":{"0":{"loc":{"start":{"line":19,"column":8},"end":{"line":25,"column":9}},"type":"if","locations":[{"start":{"line":19,"column":8},"end":{"line":25,"column":9}},{"start":{"line":22,"column":13},"end":{"line":25,"column":9}}],"line":19},"1":{"loc":{"start":{"line":32,"column":12},"end":{"line":34,"column":13}},"type":"if","locations":[{"start":{"line":32,"column":12},"end":{"line":34,"column":13}},{"start":{},"end":{}}],"line":32},"2":{"loc":{"start":{"line":48,"column":8},"end":{"line":53,"column":9}},"type":"if","locations":[{"start":{"line":48,"column":8},"end":{"line":53,"column":9}},{"start":{},"end":{}}],"line":48},"3":{"loc":{"start":{"line":48,"column":12},"end":{"line":48,"column":75}},"type":"binary-expr","locations":[{"start":{"line":48,"column":12},"end":{"line":48,"column":21}},{"start":{"line":48,"column":25},"end":{"line":48,"column":75}}],"line":48},"4":{"loc":{"start":{"line":69,"column":8},"end":{"line":72,"column":68}},"type":"if","locations":[{"start":{"line":69,"column":8},"end":{"line":72,"column":68}},{"start":{},"end":{}}],"line":69}},"s":{"0":10,"1":10,"2":1,"3":1,"4":1,"5":10,"6":2,"7":2,"8":2,"9":1,"10":1,"11":1,"12":10,"13":2,"14":2,"15":2,"16":2,"17":1,"18":1,"19":1,"20":1,"21":1,"22":1,"23":10,"24":2,"25":2,"26":1,"27":1,"28":1,"29":1,"30":1,"31":1,"32":1,"33":1,"34":1,"35":10,"36":1,"37":1,"38":1,"39":10,"40":2,"41":1,"42":1,"43":1},"f":{"0":10,"1":1,"2":2,"3":2,"4":2,"5":1,"6":2},"b":{"0":[1,1],"1":[1,1],"2":[1,1],"3":[2,2],"4":[1,1]},"_coverageSchema":"1a1c01bbd47fc00a2c39e90264f33305004495a9","hash":"0e2507d55d086674b00039a1f8565c3a79c1b4a6"}
,"/Users/adriancalerobarrero/Desktop/Proyectos ISDI/Proyecto final/Adrian_Calero_Back-Final-Project-202205-MAD/dist/db/mongoose.js": {"path":"/Users/adriancalerobarrero/Desktop/Proyectos ISDI/Proyecto final/Adrian_Calero_Back-Final-Project-202205-MAD/dist/db/mongoose.js","statementMap":{"0":{"start":{"line":3,"column":0},"end":{"line":3,"column":16}},"1":{"start":{"line":5,"column":16},"end":{"line":7,"column":31}},"2":{"start":{"line":8,"column":4},"end":{"line":8,"column":25}},"3":{"start":{"line":9,"column":4},"end":{"line":9,"column":33}}},"fnMap":{"0":{"name":"mongooseConnect","decl":{"start":{"line":4,"column":22},"end":{"line":4,"column":37}},"loc":{"start":{"line":4,"column":40},"end":{"line":10,"column":1}},"line":4}},"branchMap":{"0":{"loc":{"start":{"line":5,"column":16},"end":{"line":7,"column":31}},"type":"cond-expr","locations":[{"start":{"line":6,"column":10},"end":{"line":6,"column":36}},{"start":{"line":7,"column":10},"end":{"line":7,"column":31}}],"line":5}},"s":{"0":3,"1":3,"2":3,"3":3},"f":{"0":3},"b":{"0":[3,0]},"_coverageSchema":"1a1c01bbd47fc00a2c39e90264f33305004495a9","hash":"41682f15b7ea68057b45743771c24e77d6628243"}
,"/Users/adriancalerobarrero/Desktop/Proyectos ISDI/Proyecto final/Adrian_Calero_Back-Final-Project-202205-MAD/dist/models/profesional.model.js": {"path":"/Users/adriancalerobarrero/Desktop/Proyectos ISDI/Proyecto final/Adrian_Calero_Back-Final-Project-202205-MAD/dist/models/profesional.model.js","statementMap":{"0":{"start":{"line":3,"column":0},"end":{"line":5,"column":5}},"1":{"start":{"line":4,"column":4},"end":{"line":4,"column":28}},"2":{"start":{"line":6,"column":26},"end":{"line":16,"column":2}},"3":{"start":{"line":17,"column":0},"end":{"line":21,"column":3}},"4":{"start":{"line":19,"column":8},"end":{"line":19,"column":34}},"5":{"start":{"line":22,"column":27},"end":{"line":22,"column":75}}},"fnMap":{"0":{"name":"(anonymous_0)","decl":{"start":{"line":3,"column":1},"end":{"line":3,"column":2}},"loc":{"start":{"line":3,"column":13},"end":{"line":5,"column":1}},"line":3},"1":{"name":"(anonymous_1)","decl":{"start":{"line":18,"column":15},"end":{"line":18,"column":16}},"loc":{"start":{"line":18,"column":45},"end":{"line":20,"column":5}},"line":18}},"branchMap":{},"s":{"0":1,"1":1,"2":1,"3":1,"4":0,"5":1},"f":{"0":1,"1":0},"b":{},"_coverageSchema":"1a1c01bbd47fc00a2c39e90264f33305004495a9","hash":"56c257efc2ae5b030d34346ab61481d842dfdbc1"}
,"/Users/adriancalerobarrero/Desktop/Proyectos ISDI/Proyecto final/Adrian_Calero_Back-Final-Project-202205-MAD/dist/models/review.model.js": {"path":"/Users/adriancalerobarrero/Desktop/Proyectos ISDI/Proyecto final/Adrian_Calero_Back-Final-Project-202205-MAD/dist/models/review.model.js","statementMap":{"0":{"start":{"line":3,"column":0},"end":{"line":5,"column":5}},"1":{"start":{"line":4,"column":4},"end":{"line":4,"column":28}},"2":{"start":{"line":6,"column":21},"end":{"line":16,"column":2}},"3":{"start":{"line":17,"column":0},"end":{"line":21,"column":3}},"4":{"start":{"line":19,"column":8},"end":{"line":19,"column":34}},"5":{"start":{"line":22,"column":22},"end":{"line":22,"column":60}}},"fnMap":{"0":{"name":"(anonymous_0)","decl":{"start":{"line":3,"column":1},"end":{"line":3,"column":2}},"loc":{"start":{"line":3,"column":13},"end":{"line":5,"column":1}},"line":3},"1":{"name":"(anonymous_1)","decl":{"start":{"line":18,"column":15},"end":{"line":18,"column":16}},"loc":{"start":{"line":18,"column":45},"end":{"line":20,"column":5}},"line":18}},"branchMap":{},"s":{"0":1,"1":1,"2":1,"3":1,"4":0,"5":1},"f":{"0":1,"1":0},"b":{},"_coverageSchema":"1a1c01bbd47fc00a2c39e90264f33305004495a9","hash":"ce989251ee71df0078e233b383fbd7cfd7548022"}
,"/Users/adriancalerobarrero/Desktop/Proyectos ISDI/Proyecto final/Adrian_Calero_Back-Final-Project-202205-MAD/dist/models/user.model.js": {"path":"/Users/adriancalerobarrero/Desktop/Proyectos ISDI/Proyecto final/Adrian_Calero_Back-Final-Project-202205-MAD/dist/models/user.model.js","statementMap":{"0":{"start":{"line":3,"column":0},"end":{"line":5,"column":5}},"1":{"start":{"line":4,"column":4},"end":{"line":4,"column":28}},"2":{"start":{"line":6,"column":19},"end":{"line":17,"column":2}},"3":{"start":{"line":18,"column":0},"end":{"line":23,"column":3}},"4":{"start":{"line":20,"column":8},"end":{"line":20,"column":34}},"5":{"start":{"line":21,"column":8},"end":{"line":21,"column":37}},"6":{"start":{"line":24,"column":20},"end":{"line":24,"column":54}}},"fnMap":{"0":{"name":"(anonymous_0)","decl":{"start":{"line":3,"column":1},"end":{"line":3,"column":2}},"loc":{"start":{"line":3,"column":13},"end":{"line":5,"column":1}},"line":3},"1":{"name":"(anonymous_1)","decl":{"start":{"line":19,"column":15},"end":{"line":19,"column":16}},"loc":{"start":{"line":19,"column":45},"end":{"line":22,"column":5}},"line":19}},"branchMap":{},"s":{"0":1,"1":1,"2":1,"3":1,"4":0,"5":0,"6":1},"f":{"0":1,"1":0},"b":{},"_coverageSchema":"1a1c01bbd47fc00a2c39e90264f33305004495a9","hash":"787f3d0a7d7e448891e82e388903641f177ab643"}
,"/Users/adriancalerobarrero/Desktop/Proyectos ISDI/Proyecto final/Adrian_Calero_Back-Final-Project-202205-MAD/dist/services/authorization.js": {"path":"/Users/adriancalerobarrero/Desktop/Proyectos ISDI/Proyecto final/Adrian_Calero_Back-Final-Project-202205-MAD/dist/services/authorization.js","statementMap":{"0":{"start":{"line":3,"column":0},"end":{"line":3,"column":16}},"1":{"start":{"line":4,"column":27},"end":{"line":7,"column":1}},"2":{"start":{"line":5,"column":18},"end":{"line":5,"column":60}},"3":{"start":{"line":6,"column":4},"end":{"line":6,"column":17}},"4":{"start":{"line":8,"column":27},"end":{"line":10,"column":1}},"5":{"start":{"line":9,"column":4},"end":{"line":9,"column":49}}},"fnMap":{"0":{"name":"(anonymous_0)","decl":{"start":{"line":4,"column":27},"end":{"line":4,"column":28}},"loc":{"start":{"line":4,"column":45},"end":{"line":7,"column":1}},"line":4},"1":{"name":"(anonymous_1)","decl":{"start":{"line":8,"column":27},"end":{"line":8,"column":28}},"loc":{"start":{"line":8,"column":38},"end":{"line":10,"column":1}},"line":8}},"branchMap":{},"s":{"0":2,"1":2,"2":2,"3":2,"4":2,"5":1},"f":{"0":2,"1":1},"b":{},"_coverageSchema":"1a1c01bbd47fc00a2c39e90264f33305004495a9","hash":"f2845ee342a191848f66cd1d2275a363c1555df2"}
,"/Users/adriancalerobarrero/Desktop/Proyectos ISDI/Proyecto final/Adrian_Calero_Back-Final-Project-202205-MAD/dist/services/encrypt.js": {"path":"/Users/adriancalerobarrero/Desktop/Proyectos ISDI/Proyecto final/Adrian_Calero_Back-Final-Project-202205-MAD/dist/services/encrypt.js","statementMap":{"0":{"start":{"line":3,"column":0},"end":{"line":3,"column":16}},"1":{"start":{"line":4,"column":23},"end":{"line":6,"column":1}},"2":{"start":{"line":5,"column":4},"end":{"line":5,"column":43}},"3":{"start":{"line":7,"column":23},"end":{"line":9,"column":1}},"4":{"start":{"line":8,"column":4},"end":{"line":8,"column":45}}},"fnMap":{"0":{"name":"(anonymous_0)","decl":{"start":{"line":4,"column":23},"end":{"line":4,"column":24}},"loc":{"start":{"line":4,"column":52},"end":{"line":6,"column":1}},"line":4},"1":{"name":"(anonymous_1)","decl":{"start":{"line":7,"column":23},"end":{"line":7,"column":24}},"loc":{"start":{"line":7,"column":46},"end":{"line":9,"column":1}},"line":7}},"branchMap":{"0":{"loc":{"start":{"line":4,"column":38},"end":{"line":4,"column":47}},"type":"default-arg","locations":[{"start":{"line":4,"column":45},"end":{"line":4,"column":47}}],"line":4}},"s":{"0":2,"1":2,"2":3,"3":2,"4":3},"f":{"0":3,"1":3},"b":{"0":[2]},"_coverageSchema":"1a1c01bbd47fc00a2c39e90264f33305004495a9","hash":"d8927c3550189444f5f29c35cf039aa8058c5f3e"}
}
