TN:
SF:dist/controllers/profesional.controller.js
FN:3,(anonymous_0)
FN:6,(anonymous_1)
FN:11,(anonymous_2)
FNF:3
FNH:3
FNDA:3,(anonymous_0)
FNDA:1,(anonymous_1)
FNDA:2,(anonymous_2)
DA:4,3
DA:6,3
DA:7,1
DA:8,1
DA:9,1
DA:11,3
DA:12,2
DA:13,2
DA:14,2
DA:15,1
DA:18,1
DA:19,1
LF:12
LH:12
BRDA:14,0,0,1
BRDA:14,0,1,1
BRF:2
BRH:2
end_of_record
TN:
SF:dist/controllers/review.controller.js
FN:4,(anonymous_0)
FN:7,(anonymous_1)
FN:15,(anonymous_2)
FN:31,(anonymous_3)
FN:36,(anonymous_4)
FNF:5
FNH:5
FNDA:6,(anonymous_0)
FNDA:1,(anonymous_1)
FNDA:2,(anonymous_2)
FNDA:1,(anonymous_3)
FNDA:2,(anonymous_4)
DA:5,6
DA:7,6
DA:8,1
DA:9,1
DA:10,1
DA:15,6
DA:17,2
DA:18,2
DA:19,2
DA:20,1
DA:24,1
DA:25,1
DA:27,1
DA:28,1
DA:29,1
DA:31,6
DA:32,1
DA:33,1
DA:34,1
DA:36,6
DA:37,2
DA:38,1
DA:41,1
DA:42,1
LF:24
LH:24
BRDA:19,0,0,1
BRDA:19,0,1,1
BRDA:37,1,0,1
BRDA:37,1,1,1
BRF:4
BRH:4
end_of_record
TN:
SF:dist/controllers/user.controller.js
FN:5,(anonymous_0)
FN:8,(anonymous_1)
FN:13,(anonymous_2)
FN:26,(anonymous_3)
FN:43,(anonymous_4)
FN:63,(anonymous_5)
FN:68,(anonymous_6)
FNF:7
FNH:7
FNDA:10,(anonymous_0)
FNDA:1,(anonymous_1)
FNDA:2,(anonymous_2)
FNDA:2,(anonymous_3)
FNDA:2,(anonymous_4)
FNDA:1,(anonymous_5)
FNDA:2,(anonymous_6)
DA:6,10
DA:8,10
DA:9,1
DA:10,1
DA:11,1
DA:13,10
DA:14,2
DA:17,2
DA:18,2
DA:19,1
DA:22,1
DA:23,1
DA:26,10
DA:28,2
DA:29,2
DA:30,2
DA:31,2
DA:32,1
DA:36,1
DA:37,1
DA:39,1
DA:40,1
DA:41,1
DA:43,10
DA:44,2
DA:47,2
DA:49,1
DA:50,1
DA:51,1
DA:52,1
DA:54,1
DA:58,1
DA:59,1
DA:60,1
DA:61,1
DA:63,10
DA:64,1
DA:65,1
DA:66,1
DA:68,10
DA:69,2
DA:70,1
DA:73,1
DA:74,1
LF:44
LH:44
BRDA:18,0,0,1
BRDA:18,0,1,1
BRDA:31,1,0,1
BRDA:31,1,1,1
BRDA:47,2,0,1
BRDA:47,2,1,1
BRDA:47,3,0,2
BRDA:47,3,1,2
BRDA:69,4,0,1
BRDA:69,4,1,1
BRF:10
BRH:10
end_of_record
TN:
SF:dist/db/mongoose.js
FN:4,mongooseConnect
FNF:1
FNH:1
FNDA:3,mongooseConnect
DA:3,3
DA:5,3
DA:8,3
DA:9,3
LF:4
LH:4
BRDA:5,0,0,3
BRDA:5,0,1,0
BRF:2
BRH:1
end_of_record
TN:
SF:dist/models/profesional.model.js
FN:3,(anonymous_0)
FN:18,(anonymous_1)
FNF:2
FNH:1
FNDA:1,(anonymous_0)
FNDA:0,(anonymous_1)
DA:3,1
DA:4,1
DA:6,1
DA:17,1
DA:18,0
DA:20,1
LF:6
LH:5
BRF:0
BRH:0
end_of_record
TN:
SF:dist/models/review.model.js
FN:3,(anonymous_0)
FN:18,(anonymous_1)
FNF:2
FNH:1
FNDA:1,(anonymous_0)
FNDA:0,(anonymous_1)
DA:3,1
DA:4,1
DA:6,1
DA:17,1
DA:18,0
DA:20,1
LF:6
LH:5
BRF:0
BRH:0
end_of_record
TN:
SF:dist/models/user.model.js
FN:3,(anonymous_0)
FN:19,(anonymous_1)
FNF:2
FNH:1
FNDA:1,(anonymous_0)
FNDA:0,(anonymous_1)
DA:3,1
DA:4,1
DA:6,1
DA:18,1
DA:20,0
DA:21,0
DA:24,1
LF:7
LH:5
BRF:0
BRH:0
end_of_record
TN:
SF:dist/services/authorization.js
FN:5,(anonymous_0)
FN:8,(anonymous_1)
FN:11,(anonymous_2)
FN:14,(anonymous_3)
FNF:4
FNH:3
FNDA:2,(anonymous_0)
FNDA:2,(anonymous_1)
FNDA:1,(anonymous_2)
FNDA:0,(anonymous_3)
DA:4,1
DA:5,1
DA:6,2
DA:8,1
DA:9,2
DA:11,1
DA:12,1
DA:14,1
DA:15,0
LF:9
LH:8
BRDA:5,0,0,2
BRF:1
BRH:1
end_of_record
